<?xml version="1.0" encoding="UTF-8"?>
<!-- Generated by org.testng.reporters.JUnitReportReporter -->
<testsuite skipped="1" hostname="HDC4-D-38PXQG2" name="demoOct.TestNGBasics" tests="2" failures="0" timestamp="2019-10-29T17:49:12 IST" time="0.002" errors="0">
  <testcase name="login" time="0.002" classname="demoOct.TestNGBasics"/>
  <testcase name="forgotPassword" classname="demoOct.TestNGBasics">
    <skipped/>
  </testcase> <!-- forgotPassword -->
</testsuite> <!-- demoOct.TestNGBasics -->
