<?xml version="1.0" encoding="UTF-8"?>
<!-- Generated by org.testng.reporters.JUnitReportReporter -->
<testsuite skipped="0" hostname="HDC4-D-38PXQG2" name="demoOct.TestngGrouping" tests="4" failures="0" timestamp="2019-10-29T17:49:12 IST" time="0.022" errors="0">
  <testcase name="launch" time="0.002" classname="demoOct.TestngGrouping"/>
  <testcase name="addToCart" time="0.014" classname="demoOct.TestngGrouping"/>
  <testcase name="login" time="0.003" classname="demoOct.TestngGrouping"/>
  <testcase name="registration" time="0.003" classname="demoOct.TestngGrouping"/>
</testsuite> <!-- demoOct.TestngGrouping -->
